2023-10-30 10:46:43,343 - INFO - NumExpr defaulting to 8 threads.
2023-10-30 10:46:46,304 - INFO -  Successfully truncated  staging tables   
2023-10-30 10:46:46,405 - INFO -  PREHOOK SQL FOLDER WAS Successfully executed : Schema was created ! 
2023-10-30 10:46:50,548 - INFO -  Prediction and classification were executed! 
2023-10-30 10:49:37,188 - INFO -  PREHOOK SQL FOLDER WAS Successfully executed : SQL Staging tables were created ! 
2023-10-30 10:52:27,867 - INFO -  Successfully inserted new data into the staging tables   
2023-10-30 10:52:27,967 - INFO - Hook execute folder was executed 
2023-10-30 10:52:27,968 - INFO - Data was successfully inserted to relational database !
2023-10-30 10:52:27,975 - INFO -  Successfully Updated check point 
2023-10-30 13:39:32,758 - INFO - NumExpr defaulting to 8 threads.
2023-10-30 13:39:38,106 - INFO -  Executing Prehook :
2023-10-30 13:39:38,106 - INFO -  Step 1 Creating Database Connection
2023-10-30 13:39:38,196 - INFO -  Step 2 Creating Schema
2023-10-30 13:39:38,212 - INFO -  Step 3 Executing ML Classification and Prediction
2023-10-30 13:39:41,774 - INFO -  Step 4 Creating Staging Tables
2023-10-30 13:42:50,661 - INFO -  Step 5 Closing Connection
2023-10-30 13:42:50,661 - INFO -  Executing Hook 
2023-10-30 13:42:50,661 - INFO -  Step 1:Creating Database Connection 
2023-10-30 13:42:50,711 - INFO -  Step 2:Creating ETL Checkpoint 
2023-10-30 13:42:50,711 - INFO -  Step 3:Retrieving Etl Last Update Date
2023-10-30 13:42:51,290 - INFO -  Step 4:Inserting New Data into Staging Tables  
2023-10-30 13:45:49,455 - INFO -  5tep 5:Creating / Updating Tables   
2023-10-30 13:45:49,596 - INFO -  Step 6:Inserting or Updating ETL Check Point  
2023-10-30 13:45:49,599 - INFO -  Step 7:Closing Connection  
2023-10-30 13:45:49,599 - INFO -  Prehook Phase Started 
2023-10-30 13:45:49,710 - INFO -  Truncated Staging Tables 
2023-10-30 15:00:21,178 - INFO - NumExpr defaulting to 8 threads.
2023-10-30 15:00:28,676 - INFO -  Executing Prehook :
2023-10-30 15:00:28,676 - INFO -  Creating Database Connection :
2023-10-30 15:00:28,785 - INFO -  Step 2 Creating Schema :
2023-10-30 15:00:28,790 - INFO -  Step 3 Executing ML Classification and Prediction
2023-10-30 15:00:32,740 - INFO -  Step 4 Creating Staging Tables
2023-10-30 15:04:28,561 - INFO -  Step 5 Closing Connection
2023-10-30 15:04:28,561 - INFO -  Executing Hook :
2023-10-30 15:04:28,561 - INFO -  Step 1:Creating Database Connection :
2023-10-30 15:04:28,603 - INFO -  Step 2:Creating ETL Checkpoint :
2023-10-30 15:04:28,603 - INFO -  Step 3:Retrieving Etl Last Update Date
2023-10-30 15:04:29,167 - INFO - step 4 : Inserting New Data into Staging Tables  
2023-10-30 15:08:22,055 - INFO - 5tep 5 : Creating / Updating Tables   
2023-10-30 15:08:22,133 - INFO - Step 6 : Inserting or Updating ETL Check Point  
2023-10-30 15:08:22,133 - INFO - Step 7  : Closing Connection  
2023-10-30 15:08:22,133 - INFO -  Prehook Phase Started 
2023-10-30 15:08:22,290 - INFO -   Truncated Staging Tables 
2023-10-30 15:50:24,204 - INFO - NumExpr defaulting to 8 threads.
2023-10-30 15:50:25,951 - INFO -  Executing Prehook :
2023-10-30 15:50:25,951 - INFO -  Creating Database Connection :
2023-10-30 15:50:26,092 - INFO -  Step 2 Creating Schema :
2023-10-30 15:50:26,092 - INFO -  Step 3 Executing ML Classification and Prediction
2023-10-30 15:50:29,371 - INFO -  Step 4 Creating Staging Tables
2023-10-30 15:53:47,363 - INFO -  Step 5 Closing Connection
2023-10-30 15:53:47,363 - INFO -  Executing Hook :
2023-10-30 15:53:47,363 - INFO -  Step 1:Creating Database Connection :
2023-10-30 15:53:47,410 - INFO -  Step 2:Creating ETL Checkpoint :
2023-10-30 15:53:47,410 - INFO -  Step 3:Retrieving Etl Last Update Date
2023-10-30 15:53:47,841 - INFO - step 4 : Inserting New Data into Staging Tables  
2023-10-30 15:56:52,063 - INFO - 5tep 5 : Creating / Updating Tables   
2023-10-30 15:56:52,125 - INFO - Step 6 : Inserting or Updating ETL Check Point  
2023-10-30 15:56:52,141 - INFO - Step 7  : Closing Connection  
2023-10-30 15:56:52,141 - INFO -  Prehook Phase Started 
2023-10-30 15:56:52,281 - INFO -   Truncated Staging Tables 
2023-10-30 21:49:16,810 - INFO - NumExpr defaulting to 8 threads.
2023-10-30 21:49:29,575 - INFO -  Executing Prehook :
2023-10-30 21:49:29,581 - INFO -  Creating Database Connection :
2023-10-30 21:49:29,710 - INFO -  Step 2 Creating Schema :
2023-10-30 21:49:29,741 - INFO -  Step 3 Executing ML Classification and Prediction
2023-10-30 21:49:37,279 - INFO -  Step 4 Creating Staging Tables
2023-10-30 22:02:12,890 - INFO - NumExpr defaulting to 8 threads.
2023-10-30 22:02:15,453 - INFO -  Executing Prehook :
2023-10-30 22:02:15,453 - INFO -  Creating Database Connection :
2023-10-30 22:02:15,546 - INFO -  Step 2 Creating Schema :
2023-10-30 22:02:15,546 - INFO -  Step 3 Executing ML Classification and Prediction
2023-10-30 22:02:23,361 - INFO -  Step 4 Creating Staging Tables
