2023-10-31 00:36:15,372 - INFO - NumExpr defaulting to 8 threads.
2023-10-31 00:36:18,853 - INFO -  Executing Prehook :
2023-10-31 00:36:18,853 - INFO -  Creating Database Connection :
2023-10-31 00:36:19,005 - INFO -  Step 2 Creating Schema :
2023-10-31 00:36:19,013 - INFO -  Step 3 Executing ML Classification and Prediction
2023-10-31 00:44:10,946 - INFO - NumExpr defaulting to 8 threads.
2023-10-31 00:44:13,704 - INFO -  Executing Prehook :
2023-10-31 00:44:13,704 - INFO -  Creating Database Connection :
2023-10-31 00:44:13,814 - INFO -  Step 2 Creating Schema :
2023-10-31 00:44:13,814 - INFO -  Step 3 Executing ML Classification and Prediction
2023-10-31 00:44:20,390 - INFO -  Step 4 Creating Staging Tables
2023-10-31 00:47:36,216 - INFO -  Step 5 Closing Connection
2023-10-31 00:47:36,216 - INFO -  Executing Hook :
2023-10-31 00:47:36,216 - INFO -  Step 1:Creating Database Connection :
2023-10-31 00:47:36,310 - INFO -  Step 2:Creating ETL Checkpoint :
2023-10-31 00:47:36,310 - INFO -  Step 3:Retrieving Etl Last Update Date
2023-10-31 00:47:37,223 - INFO - step 4 : Inserting New Data into Staging Tables  
2023-10-31 00:51:22,727 - INFO - 5tep 5 : Creating / Updating Tables   
2023-10-31 00:51:22,916 - INFO - Step 6 : Inserting or Updating ETL Check Point  
2023-10-31 00:51:22,932 - INFO - Step 7  : Closing Connection  
2023-10-31 00:51:22,932 - INFO -  Prehook Phase Started 
2023-10-31 00:51:23,136 - INFO -   Truncated Staging Tables 
2023-10-31 06:05:15,803 - INFO - NumExpr defaulting to 8 threads.
2023-10-31 06:05:17,515 - INFO -  Executing Prehook :
2023-10-31 06:05:17,515 - INFO -  Creating Database Connection :
2023-10-31 06:05:17,665 - INFO -  Step 2 Creating Schema :
2023-10-31 06:05:17,715 - INFO -  Step 3 Executing ML Classification and Prediction
2023-10-31 06:06:35,215 - INFO - NumExpr defaulting to 8 threads.
2023-10-31 06:06:36,632 - INFO -  Executing Prehook :
2023-10-31 06:06:36,633 - INFO -  Creating Database Connection :
2023-10-31 06:06:36,676 - INFO -  Step 2 Creating Schema :
2023-10-31 06:06:36,691 - INFO -  Step 3 Executing ML Classification and Prediction
2023-10-31 06:06:41,174 - INFO -  Step 4 Creating Staging Tables
2023-10-31 06:09:56,734 - INFO -  Step 5 Closing Connection
2023-10-31 06:09:56,734 - INFO -  Executing Hook :
2023-10-31 06:09:56,734 - INFO -  Step 1:Creating Database Connection :
2023-10-31 06:09:56,789 - INFO -  Step 2:Creating ETL Checkpoint :
2023-10-31 06:09:56,792 - INFO -  Step 3:Retrieving Etl Last Update Date
2023-10-31 06:09:57,315 - INFO - step 4 : Inserting New Data into Staging Tables  
2023-10-31 06:14:53,898 - INFO - 5tep 5 : Creating / Updating Tables   
2023-10-31 06:14:54,023 - INFO - Step 6 : Inserting or Updating ETL Check Point  
2023-10-31 06:14:54,023 - INFO - Step 7  : Closing Connection  
2023-10-31 06:14:54,023 - INFO -  Prehook Phase Started 
2023-10-31 06:14:54,148 - INFO -   Truncated Staging Tables 
